<?xml version="1.0" encoding="UTF-8"?>
<!-- Generated by org.testng.reporters.JUnitXMLReporter -->
<testsuite ignored="0" hostname="Pranav" failures="0" tests="3" name="DDT" time="52.596" errors="0" timestamp="2024-12-13T20:32:06 IST">
  <testcase classname="testCases.TC_002_LoginDDT" name="TestLogin" time="8.543"/>
  <testcase classname="testCases.TC_002_LoginDDT" name="TestLogin" time="15.603"/>
  <testcase classname="testCases.TC_002_LoginDDT" name="TestLogin" time="15.618"/>
</testsuite> <!-- DDT -->
