<?xml version="1.0" encoding="UTF-8"?>
<testng-results ignored="0" total="2" passed="2" failed="0" skipped="0">
  <reporter-output>
  </reporter-output>
  <suite started-at="2024-12-20T09:02:32 IST" name="Suite" finished-at="2024-12-20T09:03:12 IST" duration-ms="40479">
    <groups>
      <group name="Master">
        <method signature="TC001_LoginTest.TestLogin()[pri:0, instance:testCases.TC001_LoginTest@52bf72b5]" name="TestLogin" class="testCases.TC001_LoginTest"/>
        <method signature="TC001_AccountRegistrationTest.verifyAccountRegistration()[pri:0, instance:testCases.TC001_AccountRegistrationTest@130d63be]" name="verifyAccountRegistration" class="testCases.TC001_AccountRegistrationTest"/>
      </group> <!-- Master -->
      <group name="Sanity">
        <method signature="TC001_LoginTest.TestLogin()[pri:0, instance:testCases.TC001_LoginTest@52bf72b5]" name="TestLogin" class="testCases.TC001_LoginTest"/>
      </group> <!-- Sanity -->
      <group name="Regression">
        <method signature="TC001_AccountRegistrationTest.verifyAccountRegistration()[pri:0, instance:testCases.TC001_AccountRegistrationTest@130d63be]" name="verifyAccountRegistration" class="testCases.TC001_AccountRegistrationTest"/>
      </group> <!-- Regression -->
    </groups>
    <test started-at="2024-12-20T09:02:32 IST" name="Chrome" finished-at="2024-12-20T09:02:48 IST" duration-ms="16291">
      <class name="testCases.TC001_LoginTest">
        <test-method is-config="true" signature="setup(java.lang.String,java.lang.String)[pri:0, instance:testCases.TC001_LoginTest@52bf72b5]" started-at="2024-12-20T09:02:32 IST" name="setup" finished-at="2024-12-20T09:02:44 IST" duration-ms="11962" status="PASS">
          <params>
            <param index="0">
              <value>
                <![CDATA[Chrome]]>
              </value>
            </param>
            <param index="1">
              <value>
                <![CDATA[login]]>
              </value>
            </param>
          </params>
          <reporter-output>
          </reporter-output>
        </test-method> <!-- setup -->
        <test-method signature="TestLogin()[pri:0, instance:testCases.TC001_LoginTest@52bf72b5]" started-at="2024-12-20T09:02:44 IST" name="TestLogin" finished-at="2024-12-20T09:02:46 IST" duration-ms="2091" status="PASS">
          <reporter-output>
          </reporter-output>
        </test-method> <!-- TestLogin -->
        <test-method is-config="true" signature="tearDown()[pri:0, instance:testCases.TC001_LoginTest@52bf72b5]" started-at="2024-12-20T09:02:46 IST" name="tearDown" finished-at="2024-12-20T09:02:48 IST" duration-ms="1888" status="PASS">
          <reporter-output>
          </reporter-output>
        </test-method> <!-- tearDown -->
      </class> <!-- testCases.TC001_LoginTest -->
    </test> <!-- Chrome -->
    <test started-at="2024-12-20T09:02:32 IST" name="Edge" finished-at="2024-12-20T09:03:12 IST" duration-ms="40479">
      <class name="testCases.TC001_AccountRegistrationTest">
        <test-method is-config="true" signature="setup(java.lang.String,java.lang.String)[pri:0, instance:testCases.TC001_AccountRegistrationTest@130d63be]" started-at="2024-12-20T09:02:32 IST" name="setup" finished-at="2024-12-20T09:02:48 IST" duration-ms="15692" status="PASS">
          <params>
            <param index="0">
              <value>
                <![CDATA[Chrome]]>
              </value>
            </param>
            <param index="1">
              <value>
                <![CDATA[registration]]>
              </value>
            </param>
          </params>
          <reporter-output>
          </reporter-output>
        </test-method> <!-- setup -->
        <test-method signature="verifyAccountRegistration()[pri:0, instance:testCases.TC001_AccountRegistrationTest@130d63be]" started-at="2024-12-20T09:02:48 IST" name="verifyAccountRegistration" finished-at="2024-12-20T09:03:12 IST" duration-ms="24178" status="PASS">
          <reporter-output>
          </reporter-output>
        </test-method> <!-- verifyAccountRegistration -->
        <test-method is-config="true" signature="tearDown()[pri:0, instance:testCases.TC001_AccountRegistrationTest@130d63be]" started-at="2024-12-20T09:03:12 IST" name="tearDown" finished-at="2024-12-20T09:03:12 IST" duration-ms="290" status="PASS">
          <reporter-output>
          </reporter-output>
        </test-method> <!-- tearDown -->
      </class> <!-- testCases.TC001_AccountRegistrationTest -->
    </test> <!-- Edge -->
  </suite> <!-- Suite -->
</testng-results>
