<?xml version="1.0" encoding="UTF-8"?>
<testng-results ignored="0" total="2" passed="2" failed="0" skipped="0">
  <reporter-output>
  </reporter-output>
  <suite started-at="2024-12-15T20:30:18 IST" name="Suite" finished-at="2024-12-15T20:31:20 IST" duration-ms="62404">
    <groups>
      <group name="Master">
        <method signature="TC001_LoginTest.TestLogin()[pri:0, instance:testCases.TC001_LoginTest@52bf72b5]" name="TestLogin" class="testCases.TC001_LoginTest"/>
        <method signature="TC001_AccountRegistrationTest.verifyAccountRegistration()[pri:0, instance:testCases.TC001_AccountRegistrationTest@1283bb96]" name="verifyAccountRegistration" class="testCases.TC001_AccountRegistrationTest"/>
      </group> <!-- Master -->
      <group name="Sanity">
        <method signature="TC001_LoginTest.TestLogin()[pri:0, instance:testCases.TC001_LoginTest@52bf72b5]" name="TestLogin" class="testCases.TC001_LoginTest"/>
      </group> <!-- Sanity -->
      <group name="Regression">
        <method signature="TC001_AccountRegistrationTest.verifyAccountRegistration()[pri:0, instance:testCases.TC001_AccountRegistrationTest@1283bb96]" name="verifyAccountRegistration" class="testCases.TC001_AccountRegistrationTest"/>
      </group> <!-- Regression -->
    </groups>
    <test started-at="2024-12-15T20:30:18 IST" name="Chrome" finished-at="2024-12-15T20:30:32 IST" duration-ms="14576">
      <class name="testCases.TC001_LoginTest">
        <test-method is-config="true" signature="setup(java.lang.String,java.lang.String)[pri:0, instance:testCases.TC001_LoginTest@52bf72b5]" started-at="2024-12-15T20:30:18 IST" name="setup" finished-at="2024-12-15T20:30:30 IST" duration-ms="12071" status="PASS">
          <params>
            <param index="0">
              <value>
                <![CDATA[Chrome]]>
              </value>
            </param>
            <param index="1">
              <value>
                <![CDATA[login]]>
              </value>
            </param>
          </params>
          <reporter-output>
          </reporter-output>
        </test-method> <!-- setup -->
        <test-method signature="TestLogin()[pri:0, instance:testCases.TC001_LoginTest@52bf72b5]" started-at="2024-12-15T20:30:30 IST" name="TestLogin" finished-at="2024-12-15T20:30:32 IST" duration-ms="2002" status="PASS">
          <reporter-output>
          </reporter-output>
        </test-method> <!-- TestLogin -->
        <test-method is-config="true" signature="tearDown()[pri:0, instance:testCases.TC001_LoginTest@52bf72b5]" started-at="2024-12-15T20:30:32 IST" name="tearDown" finished-at="2024-12-15T20:30:32 IST" duration-ms="114" status="PASS">
          <reporter-output>
          </reporter-output>
        </test-method> <!-- tearDown -->
      </class> <!-- testCases.TC001_LoginTest -->
    </test> <!-- Chrome -->
    <test started-at="2024-12-15T20:30:18 IST" name="Edge" finished-at="2024-12-15T20:31:20 IST" duration-ms="62404">
      <class name="testCases.TC001_AccountRegistrationTest">
        <test-method is-config="true" signature="setup(java.lang.String,java.lang.String)[pri:0, instance:testCases.TC001_AccountRegistrationTest@1283bb96]" started-at="2024-12-15T20:30:18 IST" name="setup" finished-at="2024-12-15T20:30:54 IST" duration-ms="35510" status="PASS">
          <params>
            <param index="0">
              <value>
                <![CDATA[firefox]]>
              </value>
            </param>
            <param index="1">
              <value>
                <![CDATA[registration]]>
              </value>
            </param>
          </params>
          <reporter-output>
          </reporter-output>
        </test-method> <!-- setup -->
        <test-method signature="verifyAccountRegistration()[pri:0, instance:testCases.TC001_AccountRegistrationTest@1283bb96]" started-at="2024-12-15T20:30:54 IST" name="verifyAccountRegistration" finished-at="2024-12-15T20:31:19 IST" duration-ms="25411" status="PASS">
          <reporter-output>
          </reporter-output>
        </test-method> <!-- verifyAccountRegistration -->
        <test-method is-config="true" signature="tearDown()[pri:0, instance:testCases.TC001_AccountRegistrationTest@1283bb96]" started-at="2024-12-15T20:31:19 IST" name="tearDown" finished-at="2024-12-15T20:31:20 IST" duration-ms="1122" status="PASS">
          <reporter-output>
          </reporter-output>
        </test-method> <!-- tearDown -->
      </class> <!-- testCases.TC001_AccountRegistrationTest -->
    </test> <!-- Edge -->
  </suite> <!-- Suite -->
</testng-results>
